MAP-595.ART , 0 , 0 , 0
MAP-596.ART , 0 , 0 , 0
MAP-597.ART , 0 , 0 , 0
MAP-598.ART , 0 , 0 , 0
MAP-599.ART , 0 , 0 , 0
MAP-600.ART , 0 , 0 , 0
MAP-601.ART , 0 , 0 , 0
MAP-602.ART , 0 , 0 , 0
MAP-603.ART , 0 , 0 , 0
MAP-604.ART , 0 , 0 , 0
MAP-605.ART , 0 , 0 , 0
MAP-606.ART , 0 , 0 , 0
MAP-607.ART , 0 , 0 , 0
MAP-608.ART , 0 , 0 , 0
MAP-609.ART , 0 , 0 , 0
MAP-610.ART , 0 , 0 , 0
MAP-611.ART , 0 , 0 , 0
BLANK.ART   , 99
MAP-613.ART , 0 , 0 , 0
MAP-614.ART , 0 , 0 , 0
MAP-615.ART , 0 , 0 , 0
MAP-616.ART , 0 , 0 , 0
MAP-617.ART , 0 , 0 , 0
MAP-618.ART , 0 , 0 , 0
MAP-619.ART , 0 , 0 , 0
MAP-620.ART , 0 , 0 , 0
MAP-621.ART , 0 , 0 , 0
MAP-622.ART , 0 , 0 , 0
MAP-623.ART , 0 , 0 , 0
MAP-624.ART , 0 , 0 , 0
MAP-625.ART , 0 , 0 , 0
MAP-626.ART , 0 , 0 , 0
BLANK.ART   , 99
MAP-628.ART , 0 , 0 , 0
BLANK.ART   , 99
BLANK.ART   , 99
MAP-631.ART , 0 , 0 , 0
MAP-632.ART , 0 , 0 , 0
MAP-633.ART , 0 , 0 , 0
MAP-634.ART , 0 , 0 , 0
MAP-635.ART , 0 , 0 , 0
MAP-636.ART , 0 , 0 , 0
MAP-637.ART , 0 , 0 , 0
MAP-638.ART , 0 , 0 , 0
MAP-639.ART , 0 , 0 , 0
MAP-640.ART , 0 , 0 , 0
MAP-641.ART , 0 , 0 , 0
MAP-642.ART , 0 , 0 , 0
BLANK.ART   , 99
MAP-644.ART , 0 , 0 , 0
BLANK.ART   , 99
BLANK.ART   , 99
BLANK.ART   , 99
BLANK.ART   , 99
MAP-649.ART , 0 , 0 , 0
MAP-650.ART , 0 , 0 , 0
MAP-651.ART , 0 , 0 , 0
MAP-652.ART , 0 , 0 , 0
MAP-653.ART , 0 , 0 , 0
MAP-654.ART , 0 , 0 , 0
MAP-655.ART , 0 , 0 , 0
MAP-656.ART , 0 , 0 , 0
MAP-657.ART , 0 , 0 , 0
MAP-658.ART , 0 , 0 , 0
MAP-659.ART , 0 , 0 , 0
BLANK.ART   , 99
BLANK.ART   , 99
MAP-662.ART , 0 , 0 , 0
MAP-663.ART , 0 , 0 , 0
MAP-664.ART , 0 , 0 , 0
MAP-665.ART , 0 , 0 , 0
BLANK.ART   , 99
MAP-667.ART , 0 , 0 , 0
MAP-668.ART , 0 , 0 , 0
MAP-669.ART , 0 , 0 , 0
MAP-670.ART , 0 , 0 , 0
MAP-671.ART , 0 , 0 , 0
MAP-672.ART , 0 , 0 , 0
MAP-595.ART , 0 , 0 , 0
MAP-596.ART , 0 , 0 , 0
MAP-597.ART , 0 , 0 , 0
MAP-598.ART , 0 , 0 , 0
MAP-599.ART , 0 , 0 , 0
MAP-600.ART , 0 , 0 , 0
MAP-601.ART , 0 , 0 , 0
MAP-602.ART , 0 , 0 , 0
MAP-603.ART , 0 , 0 , 0
MAP-604.ART , 0 , 0 , 0
MAP-605.ART , 0 , 0 , 0
MAP-606.ART , 0 , 0 , 0
MAP-607.ART , 0 , 0 , 0
MAP-608.ART , 0 , 0 , 0
MAP-609.ART , 0 , 0 , 0
MAP-610.ART , 0 , 0 , 0
MAP-611.ART , 0 , 0 , 0
BLANK.ART   , 99
MAP-613.ART , 0 , 0 , 0
MAP-614.ART , 0 , 0 , 0
MAP-615.ART , 0 , 0 , 0
MAP-616.ART , 0 , 0 , 0
MAP-617.ART , 0 , 0 , 0
MAP-618.ART , 0 , 0 , 0
MAP-619.ART , 0 , 0 , 0
MAP-620.ART , 0 , 0 , 0
MAP-621.ART , 0 , 0 , 0
MAP-622.ART , 0 , 0 , 0
MAP-623.ART , 0 , 0 , 0
MAP-624.ART , 0 , 0 , 0
MAP-625.ART , 0 , 0 , 0
MAP-626.ART , 0 , 0 , 0
BLANK.ART   , 99
MAP-628.ART , 0 , 0 , 0
BLANK.ART   , 99
BLANK.ART   , 99
MAP-631.ART , 0 , 0 , 0
MAP-632.ART , 0 , 0 , 0
MAP-633.ART , 0 , 0 , 0
MAP-634.ART , 0 , 0 , 0
MAP-635.ART , 0 , 0 , 0
MAP-636.ART , 0 , 0 , 0
MAP-637.ART , 0 , 0 , 0
MAP-638.ART , 0 , 0 , 0
MAP-639.ART , 0 , 0 , 0
MAP-640.ART , 0 , 0 , 0
MAP-641.ART , 0 , 0 , 0
MAP-642.ART , 0 , 0 , 0
BLANK.ART   , 99
MAP-644.ART , 0 , 0 , 0
BLANK.ART   , 99
BLANK.ART   , 99
BLANK.ART   , 99
BLANK.ART   , 99
MAP-649.ART , 0 , 0 , 0
MAP-650.ART , 0 , 0 , 0
MAP-651.ART , 0 , 0 , 0
MAP-652.ART , 0 , 0 , 0
MAP-653.ART , 0 , 0 , 0
MAP-654.ART , 0 , 0 , 0
MAP-655.ART , 0 , 0 , 0
MAP-656.ART , 0 , 0 , 0
MAP-657.ART , 0 , 0 , 0
MAP-658.ART , 0 , 0 , 0
MAP-659.ART , 0 , 0 , 0
BLANK.ART   , 99
BLANK.ART   , 99
MAP-662.ART , 0 , 0 , 0
MAP-663.ART , 0 , 0 , 0
MAP-664.ART , 0 , 0 , 0
MAP-665.ART , 0 , 0 , 0
BLANK.ART   , 99
MAP-667.ART , 0 , 0 , 0
MAP-668.ART , 0 , 0 , 0
MAP-669.ART , 0 , 0 , 0
MAP-670.ART , 0 , 0 , 0
MAP-671.ART , 0 , 0 , 0
MAP-672.ART , 0 , 0 , 0
BLANK.ART   , 99
BLANK.ART   , 99
BLANK.ART   , 99
BLANK.ART   , 99
BLANK.ART   , 99
BLANK.ART   , 99
BLANK.ART   , 99
BLANK.ART   , 99
BLANK.ART   , 99
BLANK.ART   , 99
BLANK.ART   , 99
BLANK.ART   , 99
BLANK.ART   , 99
BLANK.ART   , 99
BLANK.ART   , 99
BLANK.ART   , 99
BLANK.ART   , 99
MAP-690.ART , 0 , 0 , 0
MAP-691.ART , 0 , 0 , 0
MAP-692.ART , 0 , 0 , 0
MAP-693.ART , 0 , 0 , 0
BLANK.ART   , 99
MAP-695.ART , 0 , 0 , 0
MAP-696.ART , 0 , 0 , 0
MAP-697.ART , 0 , 0 , 0
MAP-698.ART , 0 , 0 , 0
BLANK.ART   , 99
BLANK.ART   , 99
BLANK.ART   , 99
BLANK.ART   , 99
MAP-703.ART , 0 , 0 , 0
MAP-704.ART , 0 , 0 , 0
MAP-705.ART , 0 , 0 , 0
MAP-706.ART , 0 , 0 , 0
BLANK.ART   , 99
MAP-708.ART , 0 , 0 , 0
MAP-709.ART , 0 , 0 , 0
MAP-710.ART , 0 , 0 , 0
MAP-711.ART , 0 , 0 , 0
BLANK.ART   , 99
MAP-713.ART , 0 , 0 , 0
MAP-714.ART , 0 , 0 , 0
MAP-715.ART , 0 , 0 , 0
MAP-716.ART , 0 , 0 , 0
BLANK.ART   , 99
BLANK.ART   , 99
BLANK.ART   , 99
BLANK.ART   , 99
MAP-721.ART , 0 , 0 , 0
MAP-722.ART , 0 , 0 , 0
MAP-723.ART , 0 , 0 , 0
MAP-724.ART , 0 , 0 , 0
BLANK.ART   , 99
MAP-726.ART , 0 , 0 , 0
MAP-727.ART , 0 , 0 , 0
MAP-728.ART , 0 , 0 , 0
MAP-729.ART , 0 , 0 , 0
BLANK.ART   , 99
MAP-731.ART , 0 , 0 , 0
MAP-732.ART , 0 , 0 , 0
MAP-733.ART , 0 , 0 , 0
MAP-734.ART , 0 , 0 , 0
BLANK.ART   , 99
BLANK.ART   , 99
BLANK.ART   , 99
BLANK.ART   , 99
MAP-739.ART , 0 , 0 , 0
MAP-740.ART , 0 , 0 , 0
MAP-741.ART , 0 , 0 , 0
MAP-742.ART , 0 , 0 , 0
BLANK.ART   , 99
MAP-744.ART , 0 , 0 , 0
MAP-745.ART , 0 , 0 , 0
MAP-746.ART , 0 , 0 , 0
MAP-747.ART , 0 , 0 , 0
BLANK.ART   , 99
MAP-749.ART , 0 , 0 , 0
MAP-750.ART , 0 , 0 , 0
MAP-751.ART , 0 , 0 , 0
MAP-752.ART , 0 , 0 , 0
BLANK.ART   , 99
BLANK.ART   , 99
BLANK.ART   , 99
BLANK.ART   , 99
MAP-757.ART , 0 , 0 , 0
MAP-758.ART , 0 , 0 , 0
MAP-759.ART , 0 , 0 , 0
MAP-760.ART , 0 , 0 , 0
BLANK.ART   , 99
MAP-762.ART , 0 , 0 , 0
MAP-763.ART , 0 , 0 , 0
MAP-764.ART , 0 , 0 , 0
MAP-765.ART , 0 , 0 , 0
BLANK.ART   , 99
BLANK.ART   , 99
BLANK.ART   , 99
BLANK.ART   , 99
BLANK.ART   , 99
BLANK.ART   , 99
BLANK.ART   , 99
BLANK.ART   , 99
BLANK.ART   , 99
MAP-775.ART , 0 , 0 , 0
MAP-776.ART , 0 , 0 , 0
MAP-777.ART , 0 , 0 , 0
MAP-778.ART , 0 , 0 , 0
BLANK.ART   , 99
MAP-780.ART , 0 , 0 , 0
MAP-781.ART , 0 , 0 , 0
MAP-782.ART , 0 , 0 , 0
MAP-783.ART , 0 , 0 , 0
BLANK.ART   , 99
MAP-785.ART , 0 , 0 , 0
MAP-786.ART , 0 , 0 , 0
MAP-787.ART , 0 , 0 , 0
MAP-788.ART , 0 , 0 , 0
BLANK.ART   , 99
BLANK.ART   , 99
BLANK.ART   , 99
BLANK.ART   , 99
MAP-793.ART , 0 , 0 , 0
MAP-794.ART , 0 , 0 , 0
MAP-795.ART , 0 , 0 , 0
MAP-796.ART , 0 , 0 , 0
BLANK.ART   , 99
MAP-798.ART , 0 , 0 , 0
MAP-799.ART , 0 , 0 , 0
MAP-800.ART , 0 , 0 , 0
MAP-801.ART , 0 , 0 , 0
BLANK.ART   , 99
MAP-803.ART , 0 , 0 , 0
MAP-804.ART , 0 , 0 , 0
MAP-805.ART , 0 , 0 , 0
MAP-806.ART , 0 , 0 , 0
BLANK.ART   , 99
BLANK.ART   , 99
BLANK.ART   , 99
BLANK.ART   , 99
MAP-811.ART , 0 , 0 , 0
MAP-812.ART , 0 , 0 , 0
MAP-813.ART , 0 , 0 , 0
MAP-814.ART , 0 , 0 , 0
BLANK.ART   , 99
MAP-816.ART , 0 , 0 , 0
MAP-817.ART , 0 , 0 , 0
MAP-818.ART , 0 , 0 , 0
MAP-819.ART , 0 , 0 , 0
BLANK.ART   , 99
MAP-821.ART , 0 , 0 , 0
MAP-822.ART , 0 , 0 , 0
MAP-823.ART , 0 , 0 , 0
MAP-824.ART , 0 , 0 , 0
BLANK.ART   , 99
